2024-10-08 21:54:25,008 [Worker-10] INFO  o.e.m.c.i.p.ProjectConfigurationManager - Collecting project info '/pom.xml' C:\Users\Acer\Videos\PracticaExamen\ProyectoExa\pom.xml
2024-10-08 21:54:25,981 [Worker-10] INFO  o.e.m.c.i.l.LifecycleMappingFactory - Using org.maven.ide.eclipse.wtp.WarLifecycleMapping lifecycle mapping for MavenProject: ProyectoMaven:ProyectoExa:0.0.1-SNAPSHOT @ C:\Users\Acer\Videos\PracticaExamen\ProyectoExa\pom.xml.
2024-10-08 21:54:26,713 [Worker-10] INFO  o.e.m.j.i.AbstractJavaProjectConfigurator - Adding source folder /ProyectoExa/src/main/java
2024-10-08 21:54:26,714 [Worker-10] INFO  o.e.m.j.i.AbstractJavaProjectConfigurator - Adding resource folder /ProyectoExa/src/main/resources
2024-10-08 21:54:26,715 [Worker-10] INFO  o.e.m.j.i.AbstractJavaProjectConfigurator - Adding source folder /ProyectoExa/src/test/java
2024-10-08 21:54:28,217 [Worker-10] INFO  o.e.m.c.i.p.ProjectConfigurationManager - Imported and configured 1 project(s) in 3 sec
2024-10-08 21:54:28,566 [Worker-0] WARN  o.e.m.c.i.embedder.EclipseLogger - Using platform encoding (Cp1252 actually) to copy filtered resources, i.e. build is platform dependent!
2024-10-08 21:54:28,571 [Worker-0] INFO  o.e.m.c.i.embedder.EclipseLogger - Copying 0 resource
2024-10-08 21:54:28,572 [Worker-0] WARN  o.e.m.c.i.embedder.EclipseLogger - Using platform encoding (Cp1252 actually) to copy filtered resources, i.e. build is platform dependent!
2024-10-08 21:54:28,573 [Worker-0] INFO  o.e.m.c.i.embedder.EclipseLogger - skip non existing resourceDirectory C:\Users\Acer\Videos\PracticaExamen\ProyectoExa\src\test\resources
2024-10-08 21:54:29,918 [Worker-3] WARN  o.e.m.c.i.embedder.EclipseLogger - Using platform encoding (Cp1252 actually) to copy filtered resources, i.e. build is platform dependent!
2024-10-08 21:54:29,920 [Worker-3] INFO  o.e.m.c.i.embedder.EclipseLogger - Copying 0 resource
2024-10-08 21:54:29,921 [Worker-3] WARN  o.e.m.c.i.embedder.EclipseLogger - Using platform encoding (Cp1252 actually) to copy filtered resources, i.e. build is platform dependent!
2024-10-08 21:54:29,922 [Worker-3] INFO  o.e.m.c.i.embedder.EclipseLogger - skip non existing resourceDirectory C:\Users\Acer\Videos\PracticaExamen\ProyectoExa\src\test\resources
2024-10-08 21:56:03,591 [Worker-11] INFO  o.e.m.c.i.l.LifecycleMappingFactory - Using org.maven.ide.eclipse.wtp.WarLifecycleMapping lifecycle mapping for MavenProject: ProyectoMaven:ProyectoExa:0.0.1-SNAPSHOT @ C:\Users\Acer\Videos\PracticaExamen\ProyectoExa\pom.xml.
2024-10-08 21:56:04,139 [Worker-11] WARN  o.e.m.c.i.embedder.EclipseLogger - Using platform encoding (Cp1252 actually) to copy filtered resources, i.e. build is platform dependent!
2024-10-08 21:56:04,141 [Worker-11] INFO  o.e.m.c.i.embedder.EclipseLogger - Copying 0 resource
2024-10-08 21:56:04,142 [Worker-11] WARN  o.e.m.c.i.embedder.EclipseLogger - Using platform encoding (Cp1252 actually) to copy filtered resources, i.e. build is platform dependent!
2024-10-08 21:56:04,143 [Worker-11] INFO  o.e.m.c.i.embedder.EclipseLogger - skip non existing resourceDirectory C:\Users\Acer\Videos\PracticaExamen\ProyectoExa\src\test\resources
2024-10-08 21:56:04,143 [Worker-11] INFO  o.e.m.w.i.f.ResourceFilteringBuildParticipant - Changed resources require a complete clean of filtered resources of ProyectoExa
2024-10-08 21:56:04,144 [Worker-11] INFO  o.e.m.w.i.f.ResourceFilteringBuildParticipant - Executing resource filtering for ProyectoExa
2024-10-08 21:56:04,148 [Worker-11] WARN  o.e.m.c.i.embedder.EclipseLogger - Using platform encoding (Cp1252 actually) to copy filtered resources, i.e. build is platform dependent!
2024-10-08 21:56:05,238 [Worker-13] WARN  o.e.m.c.i.embedder.EclipseLogger - Using platform encoding (Cp1252 actually) to copy filtered resources, i.e. build is platform dependent!
2024-10-08 21:56:05,239 [Worker-13] INFO  o.e.m.c.i.embedder.EclipseLogger - Copying 0 resource
2024-10-08 21:56:05,240 [Worker-13] WARN  o.e.m.c.i.embedder.EclipseLogger - Using platform encoding (Cp1252 actually) to copy filtered resources, i.e. build is platform dependent!
2024-10-08 21:56:05,241 [Worker-13] INFO  o.e.m.c.i.embedder.EclipseLogger - skip non existing resourceDirectory C:\Users\Acer\Videos\PracticaExamen\ProyectoExa\src\test\resources
2024-10-08 21:56:23,463 [Worker-11] INFO  o.e.m.c.i.p.ProjectConfigurationManager - Update started
2024-10-08 21:56:23,850 [Worker-11] INFO  o.e.m.c.i.l.LifecycleMappingFactory - Using org.maven.ide.eclipse.wtp.WarLifecycleMapping lifecycle mapping for MavenProject: ProyectoMaven:ProyectoExa:0.0.1-SNAPSHOT @ C:\Users\Acer\Videos\PracticaExamen\ProyectoExa\pom.xml.
2024-10-08 21:56:24,341 [Worker-11] INFO  o.e.m.j.i.AbstractJavaProjectConfigurator - Adding source folder /ProyectoExa/src/main/java
2024-10-08 21:56:24,342 [Worker-11] INFO  o.e.m.j.i.AbstractJavaProjectConfigurator - Adding resource folder /ProyectoExa/src/main/resources
2024-10-08 21:56:24,342 [Worker-11] INFO  o.e.m.j.i.AbstractJavaProjectConfigurator - Adding source folder /ProyectoExa/src/test/java
2024-10-08 21:56:24,738 [Worker-11] INFO  o.e.m.w.i.f.ResourceFilteringBuildParticipant - Cleaning filtered folder for ProyectoExa
2024-10-08 21:56:24,745 [Worker-11] INFO  o.e.m.c.i.p.ProjectConfigurationManager - Update completed: 1 sec
2024-10-08 21:56:24,904 [Worker-11] WARN  o.e.m.c.i.embedder.EclipseLogger - Using platform encoding (Cp1252 actually) to copy filtered resources, i.e. build is platform dependent!
2024-10-08 21:56:24,906 [Worker-11] INFO  o.e.m.c.i.embedder.EclipseLogger - Copying 0 resource
2024-10-08 21:56:24,908 [Worker-11] WARN  o.e.m.c.i.embedder.EclipseLogger - Using platform encoding (Cp1252 actually) to copy filtered resources, i.e. build is platform dependent!
2024-10-08 21:56:24,909 [Worker-11] INFO  o.e.m.c.i.embedder.EclipseLogger - skip non existing resourceDirectory C:\Users\Acer\Videos\PracticaExamen\ProyectoExa\src\test\resources
2024-10-08 21:56:24,909 [Worker-11] INFO  o.e.m.w.i.f.ResourceFilteringBuildParticipant - Changed resources require a complete clean of filtered resources of ProyectoExa
2024-10-08 21:56:24,910 [Worker-11] INFO  o.e.m.w.i.f.ResourceFilteringBuildParticipant - Executing resource filtering for ProyectoExa
2024-10-08 21:56:24,914 [Worker-11] WARN  o.e.m.c.i.embedder.EclipseLogger - Using platform encoding (Cp1252 actually) to copy filtered resources, i.e. build is platform dependent!
2024-10-08 21:57:18,169 [Worker-9] INFO  o.e.m.c.i.l.LifecycleMappingFactory - Using org.maven.ide.eclipse.wtp.WarLifecycleMapping lifecycle mapping for MavenProject: ProyectoMaven:ProyectoExa:0.0.1-SNAPSHOT @ C:\Users\Acer\Videos\PracticaExamen\ProyectoExa\pom.xml.
2024-10-08 21:57:19,443 [Worker-9] WARN  o.e.m.c.i.embedder.EclipseLogger - Using platform encoding (Cp1252 actually) to copy filtered resources, i.e. build is platform dependent!
2024-10-08 21:57:19,445 [Worker-9] INFO  o.e.m.c.i.embedder.EclipseLogger - Copying 0 resource
2024-10-08 21:57:19,446 [Worker-9] WARN  o.e.m.c.i.embedder.EclipseLogger - Using platform encoding (Cp1252 actually) to copy filtered resources, i.e. build is platform dependent!
2024-10-08 21:57:19,448 [Worker-9] INFO  o.e.m.c.i.embedder.EclipseLogger - skip non existing resourceDirectory C:\Users\Acer\Videos\PracticaExamen\ProyectoExa\src\test\resources
2024-10-08 21:57:19,449 [Worker-9] INFO  o.e.m.w.i.f.ResourceFilteringBuildParticipant - Changed resources require a complete clean of filtered resources of ProyectoExa
2024-10-08 21:57:19,449 [Worker-9] INFO  o.e.m.w.i.f.ResourceFilteringBuildParticipant - Executing resource filtering for ProyectoExa
2024-10-08 21:57:19,451 [Worker-9] WARN  o.e.m.c.i.embedder.EclipseLogger - Using platform encoding (Cp1252 actually) to copy filtered resources, i.e. build is platform dependent!
2024-10-08 21:57:20,868 [Worker-16] WARN  o.e.m.c.i.embedder.EclipseLogger - Using platform encoding (Cp1252 actually) to copy filtered resources, i.e. build is platform dependent!
2024-10-08 21:57:20,869 [Worker-16] INFO  o.e.m.c.i.embedder.EclipseLogger - Copying 0 resource
2024-10-08 21:57:20,870 [Worker-16] WARN  o.e.m.c.i.embedder.EclipseLogger - Using platform encoding (Cp1252 actually) to copy filtered resources, i.e. build is platform dependent!
2024-10-08 21:57:20,870 [Worker-16] INFO  o.e.m.c.i.embedder.EclipseLogger - skip non existing resourceDirectory C:\Users\Acer\Videos\PracticaExamen\ProyectoExa\src\test\resources
2024-10-08 21:58:24,337 [Worker-16] WARN  o.e.m.c.i.embedder.EclipseLogger - Using platform encoding (Cp1252 actually) to copy filtered resources, i.e. build is platform dependent!
2024-10-08 21:58:24,342 [Worker-16] INFO  o.e.m.c.i.embedder.EclipseLogger - Copying 0 resource
2024-10-08 21:58:24,344 [Worker-16] WARN  o.e.m.c.i.embedder.EclipseLogger - Using platform encoding (Cp1252 actually) to copy filtered resources, i.e. build is platform dependent!
2024-10-08 21:58:24,345 [Worker-16] INFO  o.e.m.c.i.embedder.EclipseLogger - skip non existing resourceDirectory C:\Users\Acer\Videos\PracticaExamen\ProyectoExa\src\test\resources
2024-10-08 22:04:44,480 [Worker-24] WARN  o.e.m.c.i.embedder.EclipseLogger - Using platform encoding (Cp1252 actually) to copy filtered resources, i.e. build is platform dependent!
2024-10-08 22:04:44,488 [Worker-24] INFO  o.e.m.c.i.embedder.EclipseLogger - Copying 0 resource
2024-10-08 22:04:44,489 [Worker-24] WARN  o.e.m.c.i.embedder.EclipseLogger - Using platform encoding (Cp1252 actually) to copy filtered resources, i.e. build is platform dependent!
2024-10-08 22:04:44,490 [Worker-24] INFO  o.e.m.c.i.embedder.EclipseLogger - skip non existing resourceDirectory C:\Users\Acer\Videos\PracticaExamen\ProyectoExa\src\test\resources
2024-10-08 22:05:00,272 [Worker-34] INFO  o.e.m.c.i.p.ProjectConfigurationManager - Update started
2024-10-08 22:05:00,784 [Worker-34] INFO  o.e.m.c.i.l.LifecycleMappingFactory - Using org.maven.ide.eclipse.wtp.WarLifecycleMapping lifecycle mapping for MavenProject: ProyectoMaven:ProyectoExa:0.0.1-SNAPSHOT @ C:\Users\Acer\Videos\PracticaExamen\ProyectoExa\pom.xml.
2024-10-08 22:05:01,863 [Worker-34] INFO  o.e.m.j.i.AbstractJavaProjectConfigurator - Adding source folder /ProyectoExa/src/main/java
2024-10-08 22:05:01,863 [Worker-34] INFO  o.e.m.j.i.AbstractJavaProjectConfigurator - Adding resource folder /ProyectoExa/src/main/resources
2024-10-08 22:05:01,864 [Worker-34] INFO  o.e.m.j.i.AbstractJavaProjectConfigurator - Adding source folder /ProyectoExa/src/test/java
2024-10-08 22:05:03,118 [Worker-34] INFO  o.e.m.w.i.f.ResourceFilteringBuildParticipant - Cleaning filtered folder for ProyectoExa
2024-10-08 22:05:03,126 [Worker-34] INFO  o.e.m.c.i.p.ProjectConfigurationManager - Update completed: 2 sec
2024-10-08 22:05:03,971 [Worker-27] WARN  o.e.m.c.i.embedder.EclipseLogger - Using platform encoding (Cp1252 actually) to copy filtered resources, i.e. build is platform dependent!
2024-10-08 22:05:03,973 [Worker-27] INFO  o.e.m.c.i.embedder.EclipseLogger - Copying 0 resource
2024-10-08 22:05:03,974 [Worker-27] WARN  o.e.m.c.i.embedder.EclipseLogger - Using platform encoding (Cp1252 actually) to copy filtered resources, i.e. build is platform dependent!
2024-10-08 22:05:03,975 [Worker-27] INFO  o.e.m.c.i.embedder.EclipseLogger - skip non existing resourceDirectory C:\Users\Acer\Videos\PracticaExamen\ProyectoExa\src\test\resources
2024-10-08 22:05:03,975 [Worker-27] INFO  o.e.m.w.i.f.ResourceFilteringBuildParticipant - Changed resources require a complete clean of filtered resources of ProyectoExa
2024-10-08 22:05:03,976 [Worker-27] INFO  o.e.m.w.i.f.ResourceFilteringBuildParticipant - Executing resource filtering for ProyectoExa
2024-10-08 22:05:03,981 [Worker-27] WARN  o.e.m.c.i.embedder.EclipseLogger - Using platform encoding (Cp1252 actually) to copy filtered resources, i.e. build is platform dependent!
2024-10-08 22:06:05,060 [Worker-35] INFO  o.e.m.c.i.p.ProjectConfigurationManager - Update started
2024-10-08 22:06:05,382 [Worker-35] INFO  o.e.m.c.i.l.LifecycleMappingFactory - Using org.maven.ide.eclipse.wtp.WarLifecycleMapping lifecycle mapping for MavenProject: ProyectoMaven:ProyectoExa:0.0.1-SNAPSHOT @ C:\Users\Acer\Videos\PracticaExamen\ProyectoExa\pom.xml.
2024-10-08 22:06:06,365 [Worker-35] INFO  o.e.m.j.i.AbstractJavaProjectConfigurator - Adding source folder /ProyectoExa/src/main/java
2024-10-08 22:06:06,365 [Worker-35] INFO  o.e.m.j.i.AbstractJavaProjectConfigurator - Adding resource folder /ProyectoExa/src/main/resources
2024-10-08 22:06:06,366 [Worker-35] INFO  o.e.m.j.i.AbstractJavaProjectConfigurator - Adding source folder /ProyectoExa/src/test/java
2024-10-08 22:06:07,212 [Worker-35] INFO  o.e.m.w.i.f.ResourceFilteringBuildParticipant - Cleaning filtered folder for ProyectoExa
2024-10-08 22:06:07,216 [Worker-35] INFO  o.e.m.c.i.p.ProjectConfigurationManager - Update completed: 2 sec
2024-10-08 22:06:07,698 [Worker-27] WARN  o.e.m.c.i.embedder.EclipseLogger - Using platform encoding (Cp1252 actually) to copy filtered resources, i.e. build is platform dependent!
2024-10-08 22:06:07,699 [Worker-27] INFO  o.e.m.c.i.embedder.EclipseLogger - Copying 0 resource
2024-10-08 22:06:07,700 [Worker-27] WARN  o.e.m.c.i.embedder.EclipseLogger - Using platform encoding (Cp1252 actually) to copy filtered resources, i.e. build is platform dependent!
2024-10-08 22:06:07,701 [Worker-27] INFO  o.e.m.c.i.embedder.EclipseLogger - skip non existing resourceDirectory C:\Users\Acer\Videos\PracticaExamen\ProyectoExa\src\test\resources
2024-10-08 22:06:07,701 [Worker-27] INFO  o.e.m.w.i.f.ResourceFilteringBuildParticipant - Changed resources require a complete clean of filtered resources of ProyectoExa
2024-10-08 22:06:07,701 [Worker-27] INFO  o.e.m.w.i.f.ResourceFilteringBuildParticipant - Executing resource filtering for ProyectoExa
2024-10-08 22:06:07,703 [Worker-27] WARN  o.e.m.c.i.embedder.EclipseLogger - Using platform encoding (Cp1252 actually) to copy filtered resources, i.e. build is platform dependent!
2024-10-08 22:08:09,770 [Worker-35] WARN  o.e.m.c.i.embedder.EclipseLogger - Using platform encoding (Cp1252 actually) to copy filtered resources, i.e. build is platform dependent!
2024-10-08 22:08:09,772 [Worker-35] INFO  o.e.m.c.i.embedder.EclipseLogger - Copying 0 resource
2024-10-08 22:08:09,773 [Worker-35] WARN  o.e.m.c.i.embedder.EclipseLogger - Using platform encoding (Cp1252 actually) to copy filtered resources, i.e. build is platform dependent!
2024-10-08 22:08:09,774 [Worker-35] INFO  o.e.m.c.i.embedder.EclipseLogger - skip non existing resourceDirectory C:\Users\Acer\Videos\PracticaExamen\ProyectoExa\src\test\resources
2024-10-08 22:08:28,120 [Worker-33] WARN  o.e.m.c.i.embedder.EclipseLogger - Using platform encoding (Cp1252 actually) to copy filtered resources, i.e. build is platform dependent!
2024-10-08 22:08:28,121 [Worker-33] INFO  o.e.m.c.i.embedder.EclipseLogger - Copying 0 resource
2024-10-08 22:08:28,122 [Worker-33] WARN  o.e.m.c.i.embedder.EclipseLogger - Using platform encoding (Cp1252 actually) to copy filtered resources, i.e. build is platform dependent!
2024-10-08 22:08:28,123 [Worker-33] INFO  o.e.m.c.i.embedder.EclipseLogger - skip non existing resourceDirectory C:\Users\Acer\Videos\PracticaExamen\ProyectoExa\src\test\resources
2024-10-08 22:08:57,413 [Worker-33] WARN  o.e.m.c.i.embedder.EclipseLogger - Using platform encoding (Cp1252 actually) to copy filtered resources, i.e. build is platform dependent!
2024-10-08 22:08:57,414 [Worker-33] INFO  o.e.m.c.i.embedder.EclipseLogger - Copying 0 resource
2024-10-08 22:08:57,415 [Worker-33] WARN  o.e.m.c.i.embedder.EclipseLogger - Using platform encoding (Cp1252 actually) to copy filtered resources, i.e. build is platform dependent!
2024-10-08 22:08:57,416 [Worker-33] INFO  o.e.m.c.i.embedder.EclipseLogger - skip non existing resourceDirectory C:\Users\Acer\Videos\PracticaExamen\ProyectoExa\src\test\resources
2024-10-08 22:09:09,756 [Worker-32] WARN  o.e.m.c.i.embedder.EclipseLogger - Using platform encoding (Cp1252 actually) to copy filtered resources, i.e. build is platform dependent!
2024-10-08 22:09:09,757 [Worker-32] INFO  o.e.m.c.i.embedder.EclipseLogger - Copying 0 resource
2024-10-08 22:09:09,757 [Worker-32] WARN  o.e.m.c.i.embedder.EclipseLogger - Using platform encoding (Cp1252 actually) to copy filtered resources, i.e. build is platform dependent!
2024-10-08 22:09:09,758 [Worker-32] INFO  o.e.m.c.i.embedder.EclipseLogger - skip non existing resourceDirectory C:\Users\Acer\Videos\PracticaExamen\ProyectoExa\src\test\resources
2024-10-08 22:09:36,325 [Worker-32] INFO  o.e.m.c.i.p.ProjectConfigurationManager - Update started
2024-10-08 22:09:36,573 [Worker-32] INFO  o.e.m.c.i.l.LifecycleMappingFactory - Using org.maven.ide.eclipse.wtp.WarLifecycleMapping lifecycle mapping for MavenProject: ProyectoMaven:ProyectoExa:0.0.1-SNAPSHOT @ C:\Users\Acer\Videos\PracticaExamen\ProyectoExa\pom.xml.
2024-10-08 22:09:37,448 [Worker-32] INFO  o.e.m.j.i.AbstractJavaProjectConfigurator - Adding source folder /ProyectoExa/src/main/java
2024-10-08 22:09:37,449 [Worker-32] INFO  o.e.m.j.i.AbstractJavaProjectConfigurator - Adding resource folder /ProyectoExa/src/main/resources
2024-10-08 22:09:37,450 [Worker-32] INFO  o.e.m.j.i.AbstractJavaProjectConfigurator - Adding source folder /ProyectoExa/src/test/java
2024-10-08 22:09:38,195 [Worker-32] INFO  o.e.m.w.i.f.ResourceFilteringBuildParticipant - Cleaning filtered folder for ProyectoExa
2024-10-08 22:09:38,198 [Worker-32] INFO  o.e.m.c.i.p.ProjectConfigurationManager - Update completed: 1 sec
2024-10-08 22:09:38,617 [Worker-32] WARN  o.e.m.c.i.embedder.EclipseLogger - Using platform encoding (Cp1252 actually) to copy filtered resources, i.e. build is platform dependent!
2024-10-08 22:09:38,618 [Worker-32] INFO  o.e.m.c.i.embedder.EclipseLogger - Copying 0 resource
2024-10-08 22:09:38,620 [Worker-32] WARN  o.e.m.c.i.embedder.EclipseLogger - Using platform encoding (Cp1252 actually) to copy filtered resources, i.e. build is platform dependent!
2024-10-08 22:09:38,620 [Worker-32] INFO  o.e.m.c.i.embedder.EclipseLogger - skip non existing resourceDirectory C:\Users\Acer\Videos\PracticaExamen\ProyectoExa\src\test\resources
2024-10-08 22:09:38,621 [Worker-32] INFO  o.e.m.w.i.f.ResourceFilteringBuildParticipant - Changed resources require a complete clean of filtered resources of ProyectoExa
2024-10-08 22:09:38,621 [Worker-32] INFO  o.e.m.w.i.f.ResourceFilteringBuildParticipant - Executing resource filtering for ProyectoExa
2024-10-08 22:09:38,622 [Worker-32] WARN  o.e.m.c.i.embedder.EclipseLogger - Using platform encoding (Cp1252 actually) to copy filtered resources, i.e. build is platform dependent!
2024-10-08 22:11:20,306 [Worker-33] INFO  o.e.m.c.i.p.ProjectConfigurationManager - Update started
2024-10-08 22:11:20,593 [Worker-33] INFO  o.e.m.c.i.l.LifecycleMappingFactory - Using org.maven.ide.eclipse.wtp.WarLifecycleMapping lifecycle mapping for MavenProject: ProyectoMaven:ProyectoExa:0.0.1-SNAPSHOT @ C:\Users\Acer\Videos\PracticaExamen\ProyectoExa\pom.xml.
2024-10-08 22:11:21,406 [Worker-33] INFO  o.e.m.j.i.AbstractJavaProjectConfigurator - Adding source folder /ProyectoExa/src/main/java
2024-10-08 22:11:21,407 [Worker-33] INFO  o.e.m.j.i.AbstractJavaProjectConfigurator - Adding resource folder /ProyectoExa/src/main/resources
2024-10-08 22:11:21,407 [Worker-33] INFO  o.e.m.j.i.AbstractJavaProjectConfigurator - Adding source folder /ProyectoExa/src/test/java
2024-10-08 22:11:22,153 [Worker-33] INFO  o.e.m.w.i.f.ResourceFilteringBuildParticipant - Cleaning filtered folder for ProyectoExa
2024-10-08 22:11:22,155 [Worker-33] INFO  o.e.m.c.i.p.ProjectConfigurationManager - Update completed: 1 sec
2024-10-08 22:11:22,610 [Worker-38] WARN  o.e.m.c.i.embedder.EclipseLogger - Using platform encoding (Cp1252 actually) to copy filtered resources, i.e. build is platform dependent!
2024-10-08 22:11:22,612 [Worker-38] INFO  o.e.m.c.i.embedder.EclipseLogger - Copying 0 resource
2024-10-08 22:11:22,613 [Worker-38] WARN  o.e.m.c.i.embedder.EclipseLogger - Using platform encoding (Cp1252 actually) to copy filtered resources, i.e. build is platform dependent!
2024-10-08 22:11:22,614 [Worker-38] INFO  o.e.m.c.i.embedder.EclipseLogger - skip non existing resourceDirectory C:\Users\Acer\Videos\PracticaExamen\ProyectoExa\src\test\resources
2024-10-08 22:11:22,614 [Worker-38] INFO  o.e.m.w.i.f.ResourceFilteringBuildParticipant - Changed resources require a complete clean of filtered resources of ProyectoExa
2024-10-08 22:11:22,614 [Worker-38] INFO  o.e.m.w.i.f.ResourceFilteringBuildParticipant - Executing resource filtering for ProyectoExa
2024-10-08 22:11:22,616 [Worker-38] WARN  o.e.m.c.i.embedder.EclipseLogger - Using platform encoding (Cp1252 actually) to copy filtered resources, i.e. build is platform dependent!
2024-10-08 22:12:36,607 [Worker-38] WARN  o.e.m.c.i.embedder.EclipseLogger - Using platform encoding (Cp1252 actually) to copy filtered resources, i.e. build is platform dependent!
2024-10-08 22:12:36,610 [Worker-38] INFO  o.e.m.c.i.embedder.EclipseLogger - Copying 0 resource
2024-10-08 22:12:36,611 [Worker-38] WARN  o.e.m.c.i.embedder.EclipseLogger - Using platform encoding (Cp1252 actually) to copy filtered resources, i.e. build is platform dependent!
2024-10-08 22:12:36,611 [Worker-38] INFO  o.e.m.c.i.embedder.EclipseLogger - skip non existing resourceDirectory C:\Users\Acer\Videos\PracticaExamen\ProyectoExa\src\test\resources
2024-10-08 22:12:47,399 [Worker-35] INFO  o.e.m.c.i.p.ProjectConfigurationManager - Update started
2024-10-08 22:12:47,656 [Worker-35] INFO  o.e.m.c.i.l.LifecycleMappingFactory - Using org.maven.ide.eclipse.wtp.WarLifecycleMapping lifecycle mapping for MavenProject: ProyectoMaven:ProyectoExa:0.0.1-SNAPSHOT @ C:\Users\Acer\Videos\PracticaExamen\ProyectoExa\pom.xml.
2024-10-08 22:12:48,500 [Worker-35] INFO  o.e.m.j.i.AbstractJavaProjectConfigurator - Adding source folder /ProyectoExa/src/main/java
2024-10-08 22:12:48,500 [Worker-35] INFO  o.e.m.j.i.AbstractJavaProjectConfigurator - Adding resource folder /ProyectoExa/src/main/resources
2024-10-08 22:12:48,501 [Worker-35] INFO  o.e.m.j.i.AbstractJavaProjectConfigurator - Adding source folder /ProyectoExa/src/test/java
2024-10-08 22:12:49,540 [Worker-35] INFO  o.e.m.w.i.f.ResourceFilteringBuildParticipant - Cleaning filtered folder for ProyectoExa
2024-10-08 22:12:49,543 [Worker-35] INFO  o.e.m.c.i.p.ProjectConfigurationManager - Update completed: 2 sec
2024-10-08 22:12:50,280 [Worker-33] WARN  o.e.m.c.i.embedder.EclipseLogger - Using platform encoding (Cp1252 actually) to copy filtered resources, i.e. build is platform dependent!
2024-10-08 22:12:50,282 [Worker-33] INFO  o.e.m.c.i.embedder.EclipseLogger - Copying 0 resource
2024-10-08 22:12:50,283 [Worker-33] WARN  o.e.m.c.i.embedder.EclipseLogger - Using platform encoding (Cp1252 actually) to copy filtered resources, i.e. build is platform dependent!
2024-10-08 22:12:50,284 [Worker-33] INFO  o.e.m.c.i.embedder.EclipseLogger - skip non existing resourceDirectory C:\Users\Acer\Videos\PracticaExamen\ProyectoExa\src\test\resources
2024-10-08 22:12:50,284 [Worker-33] INFO  o.e.m.w.i.f.ResourceFilteringBuildParticipant - Changed resources require a complete clean of filtered resources of ProyectoExa
2024-10-08 22:12:50,284 [Worker-33] INFO  o.e.m.w.i.f.ResourceFilteringBuildParticipant - Executing resource filtering for ProyectoExa
2024-10-08 22:12:50,287 [Worker-33] WARN  o.e.m.c.i.embedder.EclipseLogger - Using platform encoding (Cp1252 actually) to copy filtered resources, i.e. build is platform dependent!
2024-10-08 22:13:09,551 [Worker-41] WARN  o.e.m.c.i.embedder.EclipseLogger - Using platform encoding (Cp1252 actually) to copy filtered resources, i.e. build is platform dependent!
2024-10-08 22:13:09,556 [Worker-41] INFO  o.e.m.c.i.embedder.EclipseLogger - Copying 0 resource
2024-10-08 22:13:09,557 [Worker-41] WARN  o.e.m.c.i.embedder.EclipseLogger - Using platform encoding (Cp1252 actually) to copy filtered resources, i.e. build is platform dependent!
2024-10-08 22:13:09,557 [Worker-41] INFO  o.e.m.c.i.embedder.EclipseLogger - skip non existing resourceDirectory C:\Users\Acer\Videos\PracticaExamen\ProyectoExa\src\test\resources
2024-10-08 22:13:19,227 [Worker-40] INFO  o.e.m.c.i.p.ProjectConfigurationManager - Update started
2024-10-08 22:13:19,478 [Worker-40] INFO  o.e.m.c.i.l.LifecycleMappingFactory - Using org.maven.ide.eclipse.wtp.WarLifecycleMapping lifecycle mapping for MavenProject: ProyectoMaven:ProyectoExa:0.0.1-SNAPSHOT @ C:\Users\Acer\Videos\PracticaExamen\ProyectoExa\pom.xml.
2024-10-08 22:13:20,195 [Worker-40] INFO  o.e.m.j.i.AbstractJavaProjectConfigurator - Adding source folder /ProyectoExa/src/main/java
2024-10-08 22:13:20,196 [Worker-40] INFO  o.e.m.j.i.AbstractJavaProjectConfigurator - Adding resource folder /ProyectoExa/src/main/resources
2024-10-08 22:13:20,196 [Worker-40] INFO  o.e.m.j.i.AbstractJavaProjectConfigurator - Adding source folder /ProyectoExa/src/test/java
2024-10-08 22:13:20,838 [Worker-40] INFO  o.e.m.w.i.f.ResourceFilteringBuildParticipant - Cleaning filtered folder for ProyectoExa
2024-10-08 22:13:20,841 [Worker-40] INFO  o.e.m.c.i.p.ProjectConfigurationManager - Update completed: 1 sec
2024-10-08 22:13:21,617 [Worker-39] WARN  o.e.m.c.i.embedder.EclipseLogger - Using platform encoding (Cp1252 actually) to copy filtered resources, i.e. build is platform dependent!
2024-10-08 22:13:21,618 [Worker-39] INFO  o.e.m.c.i.embedder.EclipseLogger - Copying 0 resource
2024-10-08 22:13:21,618 [Worker-39] WARN  o.e.m.c.i.embedder.EclipseLogger - Using platform encoding (Cp1252 actually) to copy filtered resources, i.e. build is platform dependent!
2024-10-08 22:13:21,619 [Worker-39] INFO  o.e.m.c.i.embedder.EclipseLogger - skip non existing resourceDirectory C:\Users\Acer\Videos\PracticaExamen\ProyectoExa\src\test\resources
2024-10-08 22:13:21,619 [Worker-39] INFO  o.e.m.w.i.f.ResourceFilteringBuildParticipant - Changed resources require a complete clean of filtered resources of ProyectoExa
2024-10-08 22:13:21,619 [Worker-39] INFO  o.e.m.w.i.f.ResourceFilteringBuildParticipant - Executing resource filtering for ProyectoExa
2024-10-08 22:13:21,620 [Worker-39] WARN  o.e.m.c.i.embedder.EclipseLogger - Using platform encoding (Cp1252 actually) to copy filtered resources, i.e. build is platform dependent!
2024-10-09 20:39:28,378 [Worker-111] INFO  o.e.m.c.i.p.ProjectConfigurationManager - Update started
2024-10-09 20:39:30,226 [Worker-111] INFO  o.e.m.c.i.l.LifecycleMappingFactory - Using org.maven.ide.eclipse.wtp.WarLifecycleMapping lifecycle mapping for MavenProject: ProyectoMaven:ProyectoExa:0.0.1-SNAPSHOT @ C:\Users\Acer\Videos\PracticaExamen\ProyectoExa\pom.xml.
2024-10-09 20:39:33,150 [Worker-111] INFO  o.e.m.j.i.AbstractJavaProjectConfigurator - Adding source folder /ProyectoExa/src/main/java
2024-10-09 20:39:33,150 [Worker-111] INFO  o.e.m.j.i.AbstractJavaProjectConfigurator - Adding resource folder /ProyectoExa/src/main/resources
2024-10-09 20:39:33,151 [Worker-111] INFO  o.e.m.j.i.AbstractJavaProjectConfigurator - Adding source folder /ProyectoExa/src/test/java
2024-10-09 20:39:35,243 [Worker-111] INFO  o.e.m.w.i.f.ResourceFilteringBuildParticipant - Cleaning filtered folder for ProyectoExa
2024-10-09 20:39:35,250 [Worker-111] INFO  o.e.m.c.i.p.ProjectConfigurationManager - Update completed: 6 sec
2024-10-09 20:39:39,094 [Worker-118] WARN  o.e.m.c.i.embedder.EclipseLogger - Using platform encoding (Cp1252 actually) to copy filtered resources, i.e. build is platform dependent!
2024-10-09 20:39:39,117 [Worker-118] INFO  o.e.m.c.i.embedder.EclipseLogger - Copying 0 resource
2024-10-09 20:39:39,124 [Worker-118] WARN  o.e.m.c.i.embedder.EclipseLogger - Using platform encoding (Cp1252 actually) to copy filtered resources, i.e. build is platform dependent!
2024-10-09 20:39:39,130 [Worker-118] INFO  o.e.m.c.i.embedder.EclipseLogger - skip non existing resourceDirectory C:\Users\Acer\Videos\PracticaExamen\ProyectoExa\src\test\resources
2024-10-09 20:39:39,132 [Worker-118] INFO  o.e.m.w.i.f.ResourceFilteringBuildParticipant - Changed resources require a complete clean of filtered resources of ProyectoExa
2024-10-09 20:39:39,133 [Worker-118] INFO  o.e.m.w.i.f.ResourceFilteringBuildParticipant - Executing resource filtering for ProyectoExa
2024-10-09 20:39:39,145 [Worker-118] WARN  o.e.m.c.i.embedder.EclipseLogger - Using platform encoding (Cp1252 actually) to copy filtered resources, i.e. build is platform dependent!
2024-10-09 20:39:41,576 [Worker-115] WARN  o.e.m.c.i.embedder.EclipseLogger - Using platform encoding (Cp1252 actually) to copy filtered resources, i.e. build is platform dependent!
2024-10-09 20:39:41,593 [Worker-115] INFO  o.e.m.c.i.embedder.EclipseLogger - Copying 0 resource
2024-10-09 20:39:41,596 [Worker-115] WARN  o.e.m.c.i.embedder.EclipseLogger - Using platform encoding (Cp1252 actually) to copy filtered resources, i.e. build is platform dependent!
2024-10-09 20:39:41,599 [Worker-115] INFO  o.e.m.c.i.embedder.EclipseLogger - skip non existing resourceDirectory C:\Users\Acer\Videos\PracticaExamen\ProyectoExa\src\test\resources
2024-10-09 20:40:46,982 [Worker-116] WARN  o.e.m.c.i.embedder.EclipseLogger - Using platform encoding (Cp1252 actually) to copy filtered resources, i.e. build is platform dependent!
2024-10-09 20:40:46,985 [Worker-116] INFO  o.e.m.c.i.embedder.EclipseLogger - Copying 0 resource
2024-10-09 20:40:46,987 [Worker-116] WARN  o.e.m.c.i.embedder.EclipseLogger - Using platform encoding (Cp1252 actually) to copy filtered resources, i.e. build is platform dependent!
2024-10-09 20:40:46,988 [Worker-116] INFO  o.e.m.c.i.embedder.EclipseLogger - skip non existing resourceDirectory C:\Users\Acer\Videos\PracticaExamen\ProyectoExa\src\test\resources
2024-10-09 20:40:57,897 [Worker-117] INFO  o.e.m.c.i.p.ProjectConfigurationManager - Update started
2024-10-09 20:40:58,618 [Worker-117] INFO  o.e.m.c.i.l.LifecycleMappingFactory - Using org.maven.ide.eclipse.wtp.WarLifecycleMapping lifecycle mapping for MavenProject: ProyectoMaven:ProyectoExa:0.0.1-SNAPSHOT @ C:\Users\Acer\Videos\PracticaExamen\ProyectoExa\pom.xml.
2024-10-09 20:41:00,621 [Worker-117] INFO  o.e.m.j.i.AbstractJavaProjectConfigurator - Adding source folder /ProyectoExa/src/main/java
2024-10-09 20:41:00,622 [Worker-117] INFO  o.e.m.j.i.AbstractJavaProjectConfigurator - Adding resource folder /ProyectoExa/src/main/resources
2024-10-09 20:41:00,622 [Worker-117] INFO  o.e.m.j.i.AbstractJavaProjectConfigurator - Adding source folder /ProyectoExa/src/test/java
2024-10-09 20:41:02,808 [Worker-117] INFO  o.e.m.w.i.f.ResourceFilteringBuildParticipant - Cleaning filtered folder for ProyectoExa
2024-10-09 20:41:02,817 [Worker-117] INFO  o.e.m.c.i.p.ProjectConfigurationManager - Update completed: 4 sec
2024-10-09 20:41:04,229 [Worker-111] WARN  o.e.m.c.i.embedder.EclipseLogger - Using platform encoding (Cp1252 actually) to copy filtered resources, i.e. build is platform dependent!
2024-10-09 20:41:04,232 [Worker-111] INFO  o.e.m.c.i.embedder.EclipseLogger - Copying 0 resource
2024-10-09 20:41:04,234 [Worker-111] WARN  o.e.m.c.i.embedder.EclipseLogger - Using platform encoding (Cp1252 actually) to copy filtered resources, i.e. build is platform dependent!
2024-10-09 20:41:04,235 [Worker-111] INFO  o.e.m.c.i.embedder.EclipseLogger - skip non existing resourceDirectory C:\Users\Acer\Videos\PracticaExamen\ProyectoExa\src\test\resources
2024-10-09 20:41:04,236 [Worker-111] INFO  o.e.m.w.i.f.ResourceFilteringBuildParticipant - Changed resources require a complete clean of filtered resources of ProyectoExa
2024-10-09 20:41:04,236 [Worker-111] INFO  o.e.m.w.i.f.ResourceFilteringBuildParticipant - Executing resource filtering for ProyectoExa
2024-10-09 20:41:04,243 [Worker-111] WARN  o.e.m.c.i.embedder.EclipseLogger - Using platform encoding (Cp1252 actually) to copy filtered resources, i.e. build is platform dependent!
2024-10-09 20:41:08,754 [Worker-118] WARN  o.e.m.c.i.embedder.EclipseLogger - Using platform encoding (Cp1252 actually) to copy filtered resources, i.e. build is platform dependent!
2024-10-09 20:41:08,762 [Worker-118] INFO  o.e.m.c.i.embedder.EclipseLogger - Copying 0 resource
2024-10-09 20:41:08,764 [Worker-118] WARN  o.e.m.c.i.embedder.EclipseLogger - Using platform encoding (Cp1252 actually) to copy filtered resources, i.e. build is platform dependent!
2024-10-09 20:41:08,766 [Worker-118] INFO  o.e.m.c.i.embedder.EclipseLogger - skip non existing resourceDirectory C:\Users\Acer\Videos\PracticaExamen\ProyectoExa\src\test\resources
2024-10-09 20:41:17,511 [Worker-114] WARN  o.e.m.c.i.embedder.EclipseLogger - Using platform encoding (Cp1252 actually) to copy filtered resources, i.e. build is platform dependent!
2024-10-09 20:41:17,516 [Worker-114] INFO  o.e.m.c.i.embedder.EclipseLogger - Copying 0 resource
2024-10-09 20:41:17,517 [Worker-114] WARN  o.e.m.c.i.embedder.EclipseLogger - Using platform encoding (Cp1252 actually) to copy filtered resources, i.e. build is platform dependent!
2024-10-09 20:41:17,518 [Worker-114] INFO  o.e.m.c.i.embedder.EclipseLogger - skip non existing resourceDirectory C:\Users\Acer\Videos\PracticaExamen\ProyectoExa\src\test\resources
2024-10-09 20:41:50,294 [Worker-120] WARN  o.e.m.c.i.embedder.EclipseLogger - Using platform encoding (Cp1252 actually) to copy filtered resources, i.e. build is platform dependent!
2024-10-09 20:41:50,295 [Worker-120] INFO  o.e.m.c.i.embedder.EclipseLogger - Copying 0 resource
2024-10-09 20:41:50,298 [Worker-120] WARN  o.e.m.c.i.embedder.EclipseLogger - Using platform encoding (Cp1252 actually) to copy filtered resources, i.e. build is platform dependent!
2024-10-09 20:41:50,299 [Worker-120] INFO  o.e.m.c.i.embedder.EclipseLogger - skip non existing resourceDirectory C:\Users\Acer\Videos\PracticaExamen\ProyectoExa\src\test\resources
2024-10-09 20:41:56,591 [Worker-118] INFO  o.e.m.c.i.p.ProjectConfigurationManager - Update started
2024-10-09 20:41:57,427 [Worker-118] INFO  o.e.m.c.i.l.LifecycleMappingFactory - Using org.maven.ide.eclipse.wtp.WarLifecycleMapping lifecycle mapping for MavenProject: ProyectoMaven:ProyectoExa:0.0.1-SNAPSHOT @ C:\Users\Acer\Videos\PracticaExamen\ProyectoExa\pom.xml.
2024-10-09 20:41:59,949 [Worker-118] INFO  o.e.m.j.i.AbstractJavaProjectConfigurator - Adding source folder /ProyectoExa/src/main/java
2024-10-09 20:41:59,950 [Worker-118] INFO  o.e.m.j.i.AbstractJavaProjectConfigurator - Adding resource folder /ProyectoExa/src/main/resources
2024-10-09 20:41:59,951 [Worker-118] INFO  o.e.m.j.i.AbstractJavaProjectConfigurator - Adding source folder /ProyectoExa/src/test/java
2024-10-09 20:42:01,156 [Worker-118] INFO  o.e.m.w.i.f.ResourceFilteringBuildParticipant - Cleaning filtered folder for ProyectoExa
2024-10-09 20:42:01,166 [Worker-118] INFO  o.e.m.c.i.p.ProjectConfigurationManager - Update completed: 4 sec
2024-10-09 20:42:02,263 [Worker-118] WARN  o.e.m.c.i.embedder.EclipseLogger - Using platform encoding (Cp1252 actually) to copy filtered resources, i.e. build is platform dependent!
2024-10-09 20:42:02,266 [Worker-118] INFO  o.e.m.c.i.embedder.EclipseLogger - Copying 0 resource
2024-10-09 20:42:02,270 [Worker-118] WARN  o.e.m.c.i.embedder.EclipseLogger - Using platform encoding (Cp1252 actually) to copy filtered resources, i.e. build is platform dependent!
2024-10-09 20:42:02,273 [Worker-118] INFO  o.e.m.c.i.embedder.EclipseLogger - skip non existing resourceDirectory C:\Users\Acer\Videos\PracticaExamen\ProyectoExa\src\test\resources
2024-10-09 20:42:02,274 [Worker-118] INFO  o.e.m.w.i.f.ResourceFilteringBuildParticipant - Changed resources require a complete clean of filtered resources of ProyectoExa
2024-10-09 20:42:02,274 [Worker-118] INFO  o.e.m.w.i.f.ResourceFilteringBuildParticipant - Executing resource filtering for ProyectoExa
2024-10-09 20:42:02,278 [Worker-118] WARN  o.e.m.c.i.embedder.EclipseLogger - Using platform encoding (Cp1252 actually) to copy filtered resources, i.e. build is platform dependent!
2024-10-09 20:42:07,723 [Worker-119] WARN  o.e.m.c.i.embedder.EclipseLogger - Using platform encoding (Cp1252 actually) to copy filtered resources, i.e. build is platform dependent!
2024-10-09 20:42:07,727 [Worker-119] INFO  o.e.m.c.i.embedder.EclipseLogger - Copying 0 resource
2024-10-09 20:42:07,729 [Worker-119] WARN  o.e.m.c.i.embedder.EclipseLogger - Using platform encoding (Cp1252 actually) to copy filtered resources, i.e. build is platform dependent!
2024-10-09 20:42:07,730 [Worker-119] INFO  o.e.m.c.i.embedder.EclipseLogger - skip non existing resourceDirectory C:\Users\Acer\Videos\PracticaExamen\ProyectoExa\src\test\resources
2024-10-09 20:43:09,613 [Worker-111] WARN  o.e.m.c.i.embedder.EclipseLogger - Using platform encoding (Cp1252 actually) to copy filtered resources, i.e. build is platform dependent!
2024-10-09 20:43:09,621 [Worker-111] INFO  o.e.m.c.i.embedder.EclipseLogger - Copying 0 resource
2024-10-09 20:43:09,628 [Worker-111] WARN  o.e.m.c.i.embedder.EclipseLogger - Using platform encoding (Cp1252 actually) to copy filtered resources, i.e. build is platform dependent!
2024-10-09 20:43:09,630 [Worker-111] INFO  o.e.m.c.i.embedder.EclipseLogger - skip non existing resourceDirectory C:\Users\Acer\Videos\PracticaExamen\ProyectoExa\src\test\resources
2024-10-09 20:43:16,787 [Worker-119] INFO  o.e.m.c.i.p.ProjectConfigurationManager - Update started
2024-10-09 20:43:17,527 [Worker-119] INFO  o.e.m.c.i.l.LifecycleMappingFactory - Using org.maven.ide.eclipse.wtp.WarLifecycleMapping lifecycle mapping for MavenProject: ProyectoMaven:ProyectoExa:0.0.1-SNAPSHOT @ C:\Users\Acer\Videos\PracticaExamen\ProyectoExa\pom.xml.
2024-10-09 20:43:21,602 [Worker-119] INFO  o.e.m.j.i.AbstractJavaProjectConfigurator - Adding source folder /ProyectoExa/src/main/java
2024-10-09 20:43:21,604 [Worker-119] INFO  o.e.m.j.i.AbstractJavaProjectConfigurator - Adding resource folder /ProyectoExa/src/main/resources
2024-10-09 20:43:21,606 [Worker-119] INFO  o.e.m.j.i.AbstractJavaProjectConfigurator - Adding source folder /ProyectoExa/src/test/java
2024-10-09 20:43:22,852 [Worker-119] INFO  o.e.m.w.i.f.ResourceFilteringBuildParticipant - Cleaning filtered folder for ProyectoExa
2024-10-09 20:43:22,856 [Worker-119] INFO  o.e.m.c.i.p.ProjectConfigurationManager - Update completed: 6 sec
2024-10-09 20:43:24,079 [Worker-111] WARN  o.e.m.c.i.embedder.EclipseLogger - Using platform encoding (Cp1252 actually) to copy filtered resources, i.e. build is platform dependent!
2024-10-09 20:43:24,083 [Worker-111] INFO  o.e.m.c.i.embedder.EclipseLogger - Copying 0 resource
2024-10-09 20:43:24,086 [Worker-111] WARN  o.e.m.c.i.embedder.EclipseLogger - Using platform encoding (Cp1252 actually) to copy filtered resources, i.e. build is platform dependent!
2024-10-09 20:43:24,087 [Worker-111] INFO  o.e.m.c.i.embedder.EclipseLogger - skip non existing resourceDirectory C:\Users\Acer\Videos\PracticaExamen\ProyectoExa\src\test\resources
2024-10-09 20:43:24,088 [Worker-111] INFO  o.e.m.w.i.f.ResourceFilteringBuildParticipant - Changed resources require a complete clean of filtered resources of ProyectoExa
2024-10-09 20:43:24,088 [Worker-111] INFO  o.e.m.w.i.f.ResourceFilteringBuildParticipant - Executing resource filtering for ProyectoExa
2024-10-09 20:43:24,094 [Worker-111] WARN  o.e.m.c.i.embedder.EclipseLogger - Using platform encoding (Cp1252 actually) to copy filtered resources, i.e. build is platform dependent!
2024-10-09 20:43:40,688 [Worker-118] INFO  o.e.m.c.i.p.ProjectConfigurationManager - Update started
2024-10-09 20:43:41,358 [Worker-118] INFO  o.e.m.c.i.l.LifecycleMappingFactory - Using org.maven.ide.eclipse.wtp.WarLifecycleMapping lifecycle mapping for MavenProject: ProyectoMaven:ProyectoExa:0.0.1-SNAPSHOT @ C:\Users\Acer\Videos\PracticaExamen\ProyectoExa\pom.xml.
2024-10-09 20:43:44,421 [Worker-118] INFO  o.e.m.j.i.AbstractJavaProjectConfigurator - Adding source folder /ProyectoExa/src/main/java
2024-10-09 20:43:44,421 [Worker-118] INFO  o.e.m.j.i.AbstractJavaProjectConfigurator - Adding resource folder /ProyectoExa/src/main/resources
2024-10-09 20:43:44,423 [Worker-118] INFO  o.e.m.j.i.AbstractJavaProjectConfigurator - Adding source folder /ProyectoExa/src/test/java
2024-10-09 20:43:46,788 [Worker-118] INFO  o.e.m.w.i.f.ResourceFilteringBuildParticipant - Cleaning filtered folder for ProyectoExa
2024-10-09 20:43:46,797 [Worker-118] INFO  o.e.m.c.i.p.ProjectConfigurationManager - Update completed: 6 sec
2024-10-09 20:43:48,322 [Worker-118] WARN  o.e.m.c.i.embedder.EclipseLogger - Using platform encoding (Cp1252 actually) to copy filtered resources, i.e. build is platform dependent!
2024-10-09 20:43:48,328 [Worker-118] INFO  o.e.m.c.i.embedder.EclipseLogger - Copying 0 resource
2024-10-09 20:43:48,334 [Worker-118] WARN  o.e.m.c.i.embedder.EclipseLogger - Using platform encoding (Cp1252 actually) to copy filtered resources, i.e. build is platform dependent!
2024-10-09 20:43:48,337 [Worker-118] INFO  o.e.m.c.i.embedder.EclipseLogger - skip non existing resourceDirectory C:\Users\Acer\Videos\PracticaExamen\ProyectoExa\src\test\resources
2024-10-09 20:43:48,339 [Worker-118] INFO  o.e.m.w.i.f.ResourceFilteringBuildParticipant - Changed resources require a complete clean of filtered resources of ProyectoExa
2024-10-09 20:43:48,342 [Worker-118] INFO  o.e.m.w.i.f.ResourceFilteringBuildParticipant - Executing resource filtering for ProyectoExa
2024-10-09 20:43:48,358 [Worker-118] WARN  o.e.m.c.i.embedder.EclipseLogger - Using platform encoding (Cp1252 actually) to copy filtered resources, i.e. build is platform dependent!
2024-10-09 20:44:25,232 [Worker-114] INFO  o.e.m.c.i.p.ProjectConfigurationManager - Update started
2024-10-09 20:44:25,838 [Worker-114] INFO  o.e.m.c.i.l.LifecycleMappingFactory - Using org.maven.ide.eclipse.wtp.WarLifecycleMapping lifecycle mapping for MavenProject: ProyectoMaven:ProyectoExa:0.0.1-SNAPSHOT @ C:\Users\Acer\Videos\PracticaExamen\ProyectoExa\pom.xml.
2024-10-09 20:44:27,261 [Worker-114] INFO  o.e.m.j.i.AbstractJavaProjectConfigurator - Adding source folder /ProyectoExa/src/main/java
2024-10-09 20:44:27,261 [Worker-114] INFO  o.e.m.j.i.AbstractJavaProjectConfigurator - Adding resource folder /ProyectoExa/src/main/resources
2024-10-09 20:44:27,262 [Worker-114] INFO  o.e.m.j.i.AbstractJavaProjectConfigurator - Adding source folder /ProyectoExa/src/test/java
2024-10-09 20:44:28,176 [Worker-114] INFO  o.e.m.w.i.f.ResourceFilteringBuildParticipant - Cleaning filtered folder for ProyectoExa
2024-10-09 20:44:28,181 [Worker-114] INFO  o.e.m.c.i.p.ProjectConfigurationManager - Update completed: 2 sec
2024-10-09 20:44:29,199 [Worker-117] WARN  o.e.m.c.i.embedder.EclipseLogger - Using platform encoding (Cp1252 actually) to copy filtered resources, i.e. build is platform dependent!
2024-10-09 20:44:29,202 [Worker-117] INFO  o.e.m.c.i.embedder.EclipseLogger - Copying 0 resource
2024-10-09 20:44:29,204 [Worker-117] WARN  o.e.m.c.i.embedder.EclipseLogger - Using platform encoding (Cp1252 actually) to copy filtered resources, i.e. build is platform dependent!
2024-10-09 20:44:29,205 [Worker-117] INFO  o.e.m.c.i.embedder.EclipseLogger - skip non existing resourceDirectory C:\Users\Acer\Videos\PracticaExamen\ProyectoExa\src\test\resources
2024-10-09 20:44:29,205 [Worker-117] INFO  o.e.m.w.i.f.ResourceFilteringBuildParticipant - Changed resources require a complete clean of filtered resources of ProyectoExa
2024-10-09 20:44:29,205 [Worker-117] INFO  o.e.m.w.i.f.ResourceFilteringBuildParticipant - Executing resource filtering for ProyectoExa
2024-10-09 20:44:29,207 [Worker-117] WARN  o.e.m.c.i.embedder.EclipseLogger - Using platform encoding (Cp1252 actually) to copy filtered resources, i.e. build is platform dependent!
2024-10-09 20:45:38,769 [Worker-115] INFO  o.e.m.c.i.p.ProjectConfigurationManager - Update started
2024-10-09 20:45:39,744 [Worker-115] INFO  o.e.m.c.i.l.LifecycleMappingFactory - Using org.maven.ide.eclipse.wtp.WarLifecycleMapping lifecycle mapping for MavenProject: ProyectoMaven:ProyectoExa:0.0.1-SNAPSHOT @ C:\Users\Acer\Videos\PracticaExamen\ProyectoExa\pom.xml.
2024-10-09 20:45:42,099 [Worker-115] INFO  o.e.m.j.i.AbstractJavaProjectConfigurator - Adding source folder /ProyectoExa/src/main/java
2024-10-09 20:45:42,100 [Worker-115] INFO  o.e.m.j.i.AbstractJavaProjectConfigurator - Adding resource folder /ProyectoExa/src/main/resources
2024-10-09 20:45:42,100 [Worker-115] INFO  o.e.m.j.i.AbstractJavaProjectConfigurator - Adding source folder /ProyectoExa/src/test/java
2024-10-09 20:45:43,732 [Worker-115] INFO  o.e.m.w.i.f.ResourceFilteringBuildParticipant - Cleaning filtered folder for ProyectoExa
2024-10-09 20:45:43,750 [Worker-115] INFO  o.e.m.c.i.p.ProjectConfigurationManager - Update completed: 4 sec
2024-10-09 20:45:45,471 [Worker-116] WARN  o.e.m.c.i.embedder.EclipseLogger - Using platform encoding (Cp1252 actually) to copy filtered resources, i.e. build is platform dependent!
2024-10-09 20:45:45,477 [Worker-116] INFO  o.e.m.c.i.embedder.EclipseLogger - Copying 0 resource
2024-10-09 20:45:45,479 [Worker-116] WARN  o.e.m.c.i.embedder.EclipseLogger - Using platform encoding (Cp1252 actually) to copy filtered resources, i.e. build is platform dependent!
2024-10-09 20:45:45,480 [Worker-116] INFO  o.e.m.c.i.embedder.EclipseLogger - skip non existing resourceDirectory C:\Users\Acer\Videos\PracticaExamen\ProyectoExa\src\test\resources
